
> react-typescript-starter@0.1.0 test
> react-scripts test --coverage

Browserslist: caniuse-lite is outdated. Please run:
  npx browserslist@latest --update-db
  Why you should do it regularly: https://github.com/browserslist/browserslist#browsers-data-updating
PASS src/tests/App.test.tsx
  ✓ renders the course name somewhere (29 ms)

--------------------|---------|----------|---------|---------|-------------------
File                | % Stmts | % Branch | % Funcs | % Lines | Uncovered Line #s 
--------------------|---------|----------|---------|---------|-------------------
All files           |   11.26 |     3.03 |    2.65 |   11.64 |                   
 src                |   11.01 |     3.03 |    2.65 |   11.39 |                   
  App.tsx           |   68.75 |       40 |      40 |   68.75 | 16,19,22,27,30    
  Board.tsx         |   16.66 |        0 |       0 |   17.94 | 15,18,30-137      
  BoardSquare.tsx   |   14.28 |        0 |       0 |   14.28 | 15-26             
  CreateScreen.tsx  |      25 |      100 |       0 |      25 | 14-26             
  DeleteBin.tsx     |   16.66 |        0 |       0 |   16.66 | 12-22             
  DndScreen.tsx     |       2 |        0 |       0 |    2.17 | 27-115            
  GridEdit.tsx      |   33.33 |      100 |       0 |   33.33 | 12-14             
  ImageDownload.tsx |      10 |        0 |       0 |      10 | 7-25              
  OpenScreen.tsx    |   66.66 |      100 |      50 |   66.66 | 20                
  Overlay.tsx       |      50 |      100 |       0 |      50 | 8                 
  Pic.tsx           |    1.96 |        0 |       0 |    1.96 | 17-99             
  Rightbar.tsx      |   14.28 |        0 |       0 |   14.28 | 38-67             
  Search.tsx        |    7.14 |        0 |       0 |     7.4 | 9-16,33-104       
  SortName.tsx      |   16.66 |      100 |       0 |   16.66 | 12-18             
  SortSnap.tsx      |   16.66 |      100 |       0 |   16.66 | 12-18             
  Square.tsx        |      50 |      100 |       0 |      50 | 4                 
  TagModal.tsx      |    7.14 |        0 |       0 |    8.33 | 13-38             
  TileEdit.tsx      |    3.29 |        0 |       0 |    3.29 | 25-283            
  Timer.tsx         |    7.14 |        0 |       0 |    8.33 | 10-39             
  constants.ts      |     100 |      100 |     100 |     100 |                   
  interfaces.ts     |       0 |        0 |       0 |       0 |                   
 src/images         |     100 |      100 |     100 |     100 |                   
  tileList.ts       |     100 |      100 |     100 |     100 |                   
--------------------|---------|----------|---------|---------|-------------------
Test Suites: 1 passed, 1 total
Tests:       1 passed, 1 total
Snapshots:   0 total
Time:        3.09 s
Ran all test suites.
