
> react-typescript-starter@0.1.0 test
> react-scripts test --coverage

Browserslist: caniuse-lite is outdated. Please run:
  npx browserslist@latest --update-db
  Why you should do it regularly: https://github.com/browserslist/browserslist#browsers-data-updating
PASS src/App.test.tsx
  ✓ renders the course name somewhere (539 ms)

--------------------|---------|----------|---------|---------|-----------------------------
File                | % Stmts | % Branch | % Funcs | % Lines | Uncovered Line #s           
--------------------|---------|----------|---------|---------|-----------------------------
All files           |   53.78 |    15.55 |   32.14 |    55.2 |                             
 src                |   53.43 |    15.55 |   32.14 |   54.83 |                             
  App.tsx           |   45.71 |       20 |    7.69 |   51.61 | 31,35,39-40,51-69,77-82,112 
  Board.tsx         |   54.54 |     9.09 |      50 |   53.33 | 17,20,83-101,151            
  BoardSquare.tsx   |   71.42 |    33.33 |      50 |   71.42 | 25-27                       
  DeleteBin.tsx     |   66.66 |    33.33 |      50 |   66.66 | 14-16                       
  GridEdit.tsx      |      50 |      100 |   33.33 |      50 | 12-16                       
  ImageDownload.tsx |      30 |        0 |      20 |      30 | 7-12,24                     
  ListOb.tsx        |     100 |      100 |     100 |     100 |                             
  Overlay.tsx       |      50 |      100 |       0 |      50 | 8                           
  Pic.tsx           |   56.52 |    14.28 |   22.22 |   56.52 | 34-50,54,92                 
  Sorting.tsx       |   33.33 |      100 |   33.33 |   33.33 | 14-15                       
  Square.tsx        |     100 |      100 |     100 |     100 |                             
  TileEdit.tsx      |      50 |      100 |       0 |      50 | 14                          
  constants.ts      |     100 |      100 |     100 |     100 |                             
  interfaces.ts     |       0 |        0 |       0 |       0 |                             
 src/images         |     100 |      100 |     100 |     100 |                             
  tileList.ts       |     100 |      100 |     100 |     100 |                             
--------------------|---------|----------|---------|---------|-----------------------------
Test Suites: 1 passed, 1 total
Tests:       1 passed, 1 total
Snapshots:   0 total
Time:        3.982 s
Ran all test suites.
